<?xml version="1.0" encoding="UTF-8"?>
<!-- Generated by org.testng.reporters.JUnitXMLReporter -->
<testsuite ignored="1" hostname="Vanu" failures="0" tests="4" name="Personal_module" time="0.037" errors="0" timestamp="2023-11-23T09:50:57 IST">
  <testcase classname="com.dev.testNG.Test1" name="m" time="0.005"/>
  <testcase classname="com.dev.testNG.Test1" name="m1" time="0.001"/>
  <testcase classname="day1.Module2" name="test3" time="0.001"/>
  <testcase classname="day1.Module1" name="test2" time="0.002"/>
  <testcase classname="day1.Module1" name="test1" time="0.0">
    <ignored/>
  </testcase> <!-- test1 -->
</testsuite> <!-- Personal_module -->
