<?xml version="1.0" encoding="UTF-8"?>
<!-- Generated by org.testng.reporters.JUnitXMLReporter -->
<testsuite ignored="0" hostname="Vanu" failures="0" tests="5" name="Test" time="0.045" errors="0" timestamp="2023-11-23T09:00:17 IST">
  <testcase classname="com.dev.testNG.Test1" name="m" time="0.006"/>
  <testcase classname="com.dev.testNG.Test1" name="m1" time="0.001"/>
  <testcase classname="day1.Module2" name="test3" time="0.001"/>
  <testcase classname="day1.Module1" name="test1" time="0.001"/>
  <testcase classname="day1.Module1" name="test2" time="0.001"/>
</testsuite> <!-- Test -->
