<?xml version="1.0" encoding="UTF-8"?>
<!-- Generated by org.testng.reporters.JUnitXMLReporter -->
<testsuite ignored="1" hostname="Vanu" failures="0" tests="2" name="test2" time="0.003" errors="0" timestamp="2023-11-23T11:33:42 IST">
  <testcase classname="day1.Module3" name="apiLoginCarLoan" time="0.001"/>
  <testcase classname="day1.Module3" name="mobileLoginCarLoan" time="0.001"/>
  <testcase classname="day1.Module3" name="webLoginCarLoan" time="0.0">
    <ignored/>
  </testcase> <!-- webLoginCarLoan -->
</testsuite> <!-- test2 -->
