<?xml version="1.0" encoding="UTF-8"?>
<testng-results ignored="5" total="12" passed="7" failed="0" skipped="0">
  <reporter-output>
  </reporter-output>
  <suite started-at="2023-11-23T11:33:42 IST" name="Suite" finished-at="2023-11-23T11:33:42 IST" duration-ms="108">
    <groups>
    </groups>
    <test started-at="2023-11-23T11:33:42 IST" name="test1" finished-at="2023-11-23T11:33:42 IST" duration-ms="37">
      <class name="com.dev.testNG.Test1">
        <test-method signature="m()[pri:0, instance:com.dev.testNG.Test1@581ac8a8]" started-at="2023-11-23T11:33:42 IST" name="m" finished-at="2023-11-23T11:33:42 IST" duration-ms="5" status="PASS">
          <reporter-output>
          </reporter-output>
        </test-method> <!-- m -->
        <test-method signature="m1()[pri:0, instance:com.dev.testNG.Test1@581ac8a8]" started-at="2023-11-23T11:33:42 IST" name="m1" finished-at="2023-11-23T11:33:42 IST" duration-ms="0" status="PASS">
          <reporter-output>
          </reporter-output>
        </test-method> <!-- m1 -->
      </class> <!-- com.dev.testNG.Test1 -->
      <class name="day1.Module4">
        <test-method signature="test5()[pri:0, instance:day1.Module4@2fb3536e]" started-at="2023-11-23T11:33:42 IST" name="test5" finished-at="2023-11-23T11:33:42 IST" duration-ms="1" status="PASS">
          <reporter-output>
          </reporter-output>
        </test-method> <!-- test5 -->
      </class> <!-- day1.Module4 -->
      <class name="day1.Module2">
        <test-method signature="test3()[pri:0, instance:day1.Module2@4229bb3f]" started-at="2023-11-23T11:33:42 IST" name="test3" finished-at="2023-11-23T11:33:42 IST" duration-ms="1" status="PASS">
          <reporter-output>
          </reporter-output>
        </test-method> <!-- test3 -->
      </class> <!-- day1.Module2 -->
      <class name="day1.Module1">
        <test-method signature="test2()[pri:0, instance:day1.Module1@56cdfb3b]" started-at="2023-11-23T11:33:42 IST" name="test2" finished-at="2023-11-23T11:33:42 IST" duration-ms="1" status="PASS">
          <reporter-output>
          </reporter-output>
        </test-method> <!-- test2 -->
      </class> <!-- day1.Module1 -->
    </test> <!-- test1 -->
    <test started-at="2023-11-23T11:33:42 IST" name="test2" finished-at="2023-11-23T11:33:42 IST" duration-ms="3">
      <class name="day1.Module3">
        <test-method signature="apiLoginCarLoan()[pri:0, instance:day1.Module3@4310d43]" started-at="2023-11-23T11:33:42 IST" name="apiLoginCarLoan" finished-at="2023-11-23T11:33:42 IST" duration-ms="1" status="PASS">
          <reporter-output>
          </reporter-output>
        </test-method> <!-- apiLoginCarLoan -->
        <test-method signature="mobileLoginCarLoan()[pri:0, instance:day1.Module3@4310d43]" started-at="2023-11-23T11:33:42 IST" name="mobileLoginCarLoan" finished-at="2023-11-23T11:33:42 IST" duration-ms="1" status="PASS">
          <reporter-output>
          </reporter-output>
        </test-method> <!-- mobileLoginCarLoan -->
      </class> <!-- day1.Module3 -->
    </test> <!-- test2 -->
  </suite> <!-- Suite -->
</testng-results>
